<?xml version="1.0" encoding="UTF-8"?>
<!-- Generated by org.testng.reporters.JUnitReportReporter -->
<testsuite hostname="LAPTOP-CR4UOQ2N" failures="0" tests="2" name="Demo.OrangeHRM" time="6.398" errors="0" timestamp="2024-10-22T00:45:38 IST" skipped="0">
  <testcase classname="Demo.OrangeHRM" name="loginwithInvalidData" time="4.901"/>
  <testcase classname="Demo.OrangeHRM" name="loginTestwithValidDtat" time="1.497"/>
</testsuite> <!-- Demo.OrangeHRM -->
